<?xml version="1.0" encoding="UTF-8"?>
<Site BuildName="(empty)"
	BuildStamp="20231227-0545-Experimental"
	Name="humble-MS-7C94"
	Generator="ctest-3.27.5"
	CompilerName="/usr/bin/g++"
	CompilerVersion="11.4.0"
	OSName="Linux"
	Hostname="humble-MS-7C94"
	OSRelease="6.2.0-39-generic"
	OSVersion="#40~22.04.1-Ubuntu SMP PREEMPT_DYNAMIC Thu Nov 16 10:53:04 UTC 2"
	OSPlatform="x86_64"
	Is64Bits="1"
	VendorString="AuthenticAMD"
	VendorID="Advanced Micro Devices"
	FamilyID="25"
	ModelID="33"
	ProcessorCacheSize="512"
	NumberOfLogicalCPU="24"
	NumberOfPhysicalCPU="12"
	TotalVirtualMemory="486"
	TotalPhysicalMemory="32007"
	LogicalProcessorsPerPhysical="2"
	ProcessorClockFrequency="3739.3"
	>
	<Testing>
		<StartDateTime>Dec 27 14:45 KST</StartDateTime>
		<StartTestTime>1703655957</StartTestTime>
		<TestList/>
		<EndDateTime>Dec 27 14:45 KST</EndDateTime>
		<EndTestTime>1703655957</EndTestTime>
		<ElapsedMinutes>0</ElapsedMinutes>
	</Testing>
</Site>
